<?xml version="1.0" encoding="UTF-8"?>
<!-- Generated by org.testng.reporters.JUnitReportReporter -->
<testsuite skipped="0" hostname="Jake" name="com.automation.inventorymanagement.AddProduct_Invalid" tests="1" failures="0" timestamp="08 Oct 2017 09:05:54 GMT" time="45.404" errors="0">
  <testcase name="AddingProduct_ValidEntry" time="45.404" classname="com.automation.inventorymanagement.AddProduct_Invalid"/>
</testsuite> <!-- com.automation.inventorymanagement.AddProduct_Invalid -->
