<?xml version="1.0" encoding="UTF-8"?>
<!-- Generated by org.testng.reporters.JUnitReportReporter -->
<testsuite skipped="0" hostname="Jake" name="com.automation.inventorymanagement.ValidateLogin" tests="7" failures="0" timestamp="08 Oct 2017 10:11:47 GMT" time="94.727" errors="0">
  <testcase name="Valogin" time="22.237" classname="com.automation.inventorymanagement.ValidateLogin"/>
  <testcase name="Valogin" time="11.918" classname="com.automation.inventorymanagement.ValidateLogin"/>
  <testcase name="Valogin" time="12.314" classname="com.automation.inventorymanagement.ValidateLogin"/>
  <testcase name="Valogin" time="12.041" classname="com.automation.inventorymanagement.ValidateLogin"/>
  <testcase name="Valogin" time="12.086" classname="com.automation.inventorymanagement.ValidateLogin"/>
  <testcase name="Valogin" time="12.020" classname="com.automation.inventorymanagement.ValidateLogin"/>
  <testcase name="Valogin" time="12.111" classname="com.automation.inventorymanagement.ValidateLogin"/>
</testsuite> <!-- com.automation.inventorymanagement.ValidateLogin -->
