<?xml version="1.0" encoding="UTF-8"?>
<!-- Generated by org.testng.reporters.JUnitReportReporter -->
<testsuite skipped="0" hostname="GFITFTLAPT01113" name="com.automation.inventorymanagement.ValidateUnitOfMeasure" tests="1" failures="0" timestamp="10 Oct 2017 06:18:01 GMT" time="44.176" errors="0">
  <testcase name="ValidateDefineUnitofMeasureforQuantity" time="44.176" classname="com.automation.inventorymanagement.ValidateUnitOfMeasure"/>
</testsuite> <!-- com.automation.inventorymanagement.ValidateUnitOfMeasure -->
