<?xml version="1.0" encoding="UTF-8"?>
<!-- Generated by org.testng.reporters.JUnitReportReporter -->
<testsuite skipped="0" hostname="Jake" name="com.automation.inventorymanagement.AddProduct_Valid" tests="1" failures="0" timestamp="08 Oct 2017 11:41:23 GMT" time="39.773" errors="0">
  <testcase name="AddingProduct_ValidEntry" time="39.773" classname="com.automation.inventorymanagement.AddProduct_Valid"/>
</testsuite> <!-- com.automation.inventorymanagement.AddProduct_Valid -->
