<?xml version="1.0" encoding="UTF-8"?>
<!-- Generated by org.testng.reporters.JUnitReportReporter -->
<testsuite skipped="0" hostname="Jake" name="com.automation.testbase.TestBase" tests="1" failures="0" timestamp="08 Oct 2017 10:18:16 GMT" time="5.297" errors="0">
  <testcase name="Openreport" time="5.297" classname="com.automation.testbase.TestBase"/>
</testsuite> <!-- com.automation.testbase.TestBase -->
