<?xml version="1.0" encoding="UTF-8"?>
<!-- Generated by org.testng.reporters.JUnitReportReporter -->
<testsuite skipped="0" hostname="Jake" name="com.automation.inventorymanagement.AddProduct" tests="1" failures="0" timestamp="08 Oct 2017 03:06:27 GMT" time="28.553" errors="0">
  <testcase name="AddingProduct" time="28.553" classname="com.automation.inventorymanagement.AddProduct"/>
</testsuite> <!-- com.automation.inventorymanagement.AddProduct -->
