<?xml version="1.0" encoding="UTF-8"?>
<!-- Generated by org.testng.reporters.JUnitReportReporter -->
<testsuite skipped="0" hostname="Jake" name="com.automation.inventorymanagement.ValidateInitial" tests="1" failures="0" timestamp="08 Oct 2017 10:11:47 GMT" time="41.785" errors="0">
  <testcase name="ValidateInitialDef" time="41.785" classname="com.automation.inventorymanagement.ValidateInitial"/>
</testsuite> <!-- com.automation.inventorymanagement.ValidateInitial -->
